<?xml version="1.0" encoding="UTF-8"?>
<!-- Generated by org.testng.reporters.JUnitReportReporter -->
<testsuite hostname="DESKTOP-3JRUFPN" failures="0" tests="1" name="com.actitime.testscript.ReportsModule" time="6.949" errors="0" timestamp="2025-05-06T11:03:20 IST" skipped="0">
  <testcase classname="com.actitime.testscript.ReportsModule" name="createReport" time="6.949">
    <system-out>
      <![CDATA[createReport]]>
    </system-out>
  </testcase> <!-- createReport -->
  <system-out>
    <![CDATA[openBrowser
openBrowser
openBrowser
login
login
login
testCreateCustomer
createProject
logOut
closeBrowser
logOut
closeBrowser
createReport
logOut
closeBrowser]]>
  </system-out>
</testsuite> <!-- com.actitime.testscript.ReportsModule -->
