<?xml version="1.0" encoding="UTF-8"?>
<!-- Generated by org.testng.reporters.JUnitReportReporter -->
<testsuite hostname="DESKTOP-3JRUFPN" failures="0" tests="4" name="basics.LearnDDT" time="11.702" errors="0" timestamp="2025-05-07T11:35:04 IST" skipped="0">
  <testcase classname="basics.LearnDDT" name="login" time="2.981"/>
  <testcase classname="basics.LearnDDT" name="login" time="2.985"/>
  <testcase classname="basics.LearnDDT" name="login" time="2.730"/>
  <testcase classname="basics.LearnDDT" name="login" time="3.006"/>
</testsuite> <!-- basics.LearnDDT -->
