<?xml version="1.0" encoding="UTF-8"?>
<!-- Generated by org.testng.reporters.JUnitReportReporter -->
<testsuite hostname="DESKTOP-3JRUFPN" failures="0" tests="2" name="com.actitime.testscript.CustomerModule" time="12.404" errors="0" timestamp="2025-05-06T11:49:16 IST" skipped="0">
  <testcase classname="com.actitime.testscript.CustomerModule" name="testCreateCustomer" time="6.620">
    <system-out>
      <![CDATA[testCreateCustomer]]>
    </system-out>
  </testcase> <!-- testCreateCustomer -->
  <testcase classname="com.actitime.testscript.CustomerModule" name="testCreateCustomer" time="5.784">
    <system-out>
      <![CDATA[testCreateCustomer]]>
    </system-out>
  </testcase> <!-- testCreateCustomer -->
  <system-out>
    <![CDATA[openBrowser
openBrowser
openBrowser
login
login
testCreateCustomer
testCreateCustomer
logOut
logOut
closeBrowser
closeBrowser
login
testCreateCustomer
closeBrowser]]>
  </system-out>
</testsuite> <!-- com.actitime.testscript.CustomerModule -->
