<?xml version="1.0" encoding="UTF-8"?>
<!-- Generated by org.testng.reporters.JUnitReportReporter -->
<testsuite hostname="DESKTOP-3JRUFPN" failures="0" tests="1" name="com.actitime.testscript.ProjectModule" time="4.661" errors="0" timestamp="2025-05-06T11:03:20 IST" skipped="0">
  <testcase classname="com.actitime.testscript.ProjectModule" name="createProject" time="4.661">
    <system-out>
      <![CDATA[createProject]]>
    </system-out>
  </testcase> <!-- createProject -->
  <system-out>
    <![CDATA[openBrowser
openBrowser
openBrowser
login
login
login
testCreateCustomer
createProject
logOut
closeBrowser
logOut
closeBrowser
createReport
logOut
closeBrowser]]>
  </system-out>
</testsuite> <!-- com.actitime.testscript.ProjectModule -->
